<?xml version="1.0" encoding="UTF-8"?>
<testng-results ignored="0" total="2" passed="2" failed="0" skipped="0">
  <reporter-output>
  </reporter-output>
  <suite started-at="2024-04-23T12:00:36 IST" name="Suite paralle" finished-at="2024-04-23T12:00:39 IST" duration-ms="2234">
    <groups>
    </groups>
    <test started-at="2024-04-23T12:00:36 IST" name="reg Test" finished-at="2024-04-23T12:00:39 IST" duration-ms="2234">
      <class name="prameterexamples.ParallelTest">
        <test-method signature="doLogin(java.lang.String)[pri:0, instance:prameterexamples.ParallelTest@2794eab6]" started-at="2024-04-23T12:00:37 IST" name="doLogin" finished-at="2024-04-23T12:00:39 IST" duration-ms="2127" status="PASS">
          <params>
            <param index="0">
              <value>
                <![CDATA[chrome]]>
              </value>
            </param>
          </params>
          <reporter-output>
          </reporter-output>
        </test-method> <!-- doLogin -->
      </class> <!-- prameterexamples.ParallelTest -->
    </test> <!-- reg Test -->
    <test started-at="2024-04-23T12:00:36 IST" name="ptest Test" finished-at="2024-04-23T12:00:39 IST" duration-ms="2187">
      <class name="prameterexamples.ParallelTest">
        <test-method signature="doLogin(java.lang.String)[pri:0, instance:prameterexamples.ParallelTest@3f191845]" started-at="2024-04-23T12:00:37 IST" name="doLogin" finished-at="2024-04-23T12:00:39 IST" duration-ms="2069" status="PASS">
          <params>
            <param index="0">
              <value>
                <![CDATA[ff]]>
              </value>
            </param>
          </params>
          <reporter-output>
          </reporter-output>
        </test-method> <!-- doLogin -->
      </class> <!-- prameterexamples.ParallelTest -->
    </test> <!-- ptest Test -->
  </suite> <!-- Suite paralle -->
</testng-results>
